<?xml version="1.0" encoding="utf-8"?><testsuites name="pytest tests"><testsuite name="pytest" errors="0" failures="0" skipped="0" tests="36" time="5.021" timestamp="2026-01-19T20:54:27.696235+00:00" hostname="agent-env-c7a02620-47a6-4c90-95a8-d43938449d14"><testcase classname="tests.test_continental_academy.TestHealthCheck" name="test_health_endpoint" time="0.078" /><testcase classname="tests.test_continental_academy.TestAuthentication" name="test_login_admin_success" time="0.114" /><testcase classname="tests.test_continental_academy.TestAuthentication" name="test_login_student_success" time="0.113" /><testcase classname="tests.test_continental_academy.TestAuthentication" name="test_login_invalid_credentials" time="0.039" /><testcase classname="tests.test_continental_academy.TestAuthentication" name="test_login_missing_fields" time="0.040" /><testcase classname="tests.test_continental_academy.TestAuthentication" name="test_register_new_user" time="0.122" /><testcase classname="tests.test_continental_academy.TestAuthentication" name="test_register_duplicate_email" time="0.040" /><testcase classname="tests.test_continental_academy.TestAuthentication" name="test_get_current_user" time="0.156" /><testcase classname="tests.test_continental_academy.TestAuthentication" name="test_get_current_user_no_token" time="0.035" /><testcase classname="tests.test_continental_academy.TestPublicEndpoints" name="test_get_programs" time="0.037" /><testcase classname="tests.test_continental_academy.TestPublicEndpoints" name="test_get_courses" time="0.038" /><testcase classname="tests.test_continental_academy.TestPublicEndpoints" name="test_get_faqs" time="0.036" /><testcase classname="tests.test_continental_academy.TestPublicEndpoints" name="test_get_results" time="0.040" /><testcase classname="tests.test_continental_academy.TestPublicEndpoints" name="test_get_settings" time="0.036" /><testcase classname="tests.test_continental_academy.TestPublicEndpoints" name="test_get_shop_products" time="0.043" /><testcase classname="tests.test_continental_academy.TestPublicEndpoints" name="test_track_analytics_event" time="0.040" /><testcase classname="tests.test_continental_academy.TestAdminEndpoints" name="test_get_users" time="0.155" /><testcase classname="tests.test_continental_academy.TestAdminEndpoints" name="test_get_analytics" time="0.198" /><testcase classname="tests.test_continental_academy.TestAdminEndpoints" name="test_get_admin_programs" time="0.151" /><testcase classname="tests.test_continental_academy.TestAdminEndpoints" name="test_get_admin_courses" time="0.156" /><testcase classname="tests.test_continental_academy.TestAdminEndpoints" name="test_get_admin_shop_products" time="0.144" /><testcase classname="tests.test_continental_academy.TestAdminEndpoints" name="test_create_program" time="0.187" /><testcase classname="tests.test_continental_academy.TestAdminEndpoints" name="test_update_program" time="0.275" /><testcase classname="tests.test_continental_academy.TestAdminEndpoints" name="test_delete_program" time="0.234" /><testcase classname="tests.test_continental_academy.TestAdminEndpoints" name="test_create_course" time="0.214" /><testcase classname="tests.test_continental_academy.TestAdminEndpoints" name="test_delete_course" time="0.188" /><testcase classname="tests.test_continental_academy.TestAdminEndpoints" name="test_create_lesson" time="0.272" /><testcase classname="tests.test_continental_academy.TestAdminEndpoints" name="test_create_shop_product" time="0.183" /><testcase classname="tests.test_continental_academy.TestAdminEndpoints" name="test_delete_shop_product" time="0.185" /><testcase classname="tests.test_continental_academy.TestAdminEndpoints" name="test_create_faq" time="0.186" /><testcase classname="tests.test_continental_academy.TestAdminEndpoints" name="test_delete_faq" time="0.186" /><testcase classname="tests.test_continental_academy.TestAdminEndpoints" name="test_create_result" time="0.205" /><testcase classname="tests.test_continental_academy.TestAdminEndpoints" name="test_update_settings" time="0.146" /><testcase classname="tests.test_continental_academy.TestAdminEndpoints" name="test_update_user_role" time="0.224" /><testcase classname="tests.test_continental_academy.TestAdminEndpoints" name="test_admin_access_denied_for_student" time="0.257" /><testcase classname="tests.test_continental_academy.TestProtectedCourseAccess" name="test_course_access_requires_auth" time="0.035" /></testsuite></testsuites>